
 /----------------------------------------------------------------------------\
 |  yosys -- Yosys Open SYnthesis Suite -- YosysHQ Edition [202409031137]     |
 |  Copyright (C) 2012 - 2024 YosysHQ GmbH                                    |
 |  For support, please contact support@yosyshq.com                           |
 \----------------------------------------------------------------------------/
 Yosys 0.45 (git sha1 9ed031ddd, clang++ 14.0.0-1ubuntu1.1 -fPIC -O3)

-- Executing script file `design_aiger.ys' --

1. Executing RTLIL frontend.
Input filename: design_prep.il

2. Executing HIERARCHY pass (managing design hierarchy).

2.1. Analyzing design hierarchy..
Top module:  \counter

2.2. Analyzing design hierarchy..
Top module:  \counter
Removed 0 unused modules.
Module counter directly or indirectly contains formal properties -> setting "keep" attribute.

3. Executing FORMALFF pass.

4. Executing FLATTEN pass (flatten design).

5. Executing SETUNDEF pass (replace undef values with defined constants).

6. Executing OPT pass (performing simple optimizations).

6.1. Executing OPT_EXPR pass (perform const folding).
Optimizing module counter.
<suppressed ~13 debug messages>

6.2. Executing OPT_MERGE pass (detect identical cells).
Finding identical cells in module `\counter'.
Removed a total of 0 cells.

6.3. Executing OPT_MUXTREE pass (detect dead branches in mux trees).
Running muxtree optimizer on module \counter..
  Creating internal representation of mux trees.
  Evaluating internal representation of mux trees.
  Analyzing evaluation results.
Removed 0 multiplexer ports.
<suppressed ~12 debug messages>

6.4. Executing OPT_REDUCE pass (consolidate $*mux and $reduce_* inputs).
  Optimizing cells in module \counter.
    Consolidated identical input bits for $mux cell $procmux$196:
      Old ports: A=3'000, B=3'101, Y=$4\tmp[9:0]
      New ports: A=1'0, B=1'1, Y=$4\tmp[9:0] [0]
      New connections: $4\tmp[9:0] [2:1] = { $4\tmp[9:0] [0] 1'0 }
    Consolidated identical input bits for $mux cell $procmux$169:
      Old ports: A=10'0000000000, B=10'1111110111, Y=$7\tmp[9:0]
      New ports: A=1'0, B=1'1, Y=$7\tmp[9:0] [0]
      New connections: $7\tmp[9:0] [9:1] = { $7\tmp[9:0] [0] $7\tmp[9:0] [0] $7\tmp[9:0] [0] $7\tmp[9:0] [0] $7\tmp[9:0] [0] $7\tmp[9:0] [0] 1'0 $7\tmp[9:0] [0] $7\tmp[9:0] [0] }
  Optimizing cells in module \counter.
    Consolidated identical input bits for $mux cell $procmux$205:
      Old ports: A={ 1'0 $4\tmp[9:0] }, B=4'1010, Y=$3\tmp[9:0]
      New ports: A={ 1'0 $4\tmp[9:0] [0] }, B=2'10, Y=$3\tmp[9:0] [1:0]
      New connections: $3\tmp[9:0] [3:2] = $3\tmp[9:0] [1:0]
    Consolidated identical input bits for $mux cell $procmux$181:
      Old ports: A=$7\tmp[9:0], B=10'1111101110, Y=$5\tmp[9:0]
      New ports: A={ 1'0 $7\tmp[9:0] [0] $7\tmp[9:0] [0] }, B=3'110, Y={ $5\tmp[9:0] [3] $5\tmp[9:0] [1:0] }
      New connections: { $5\tmp[9:0] [9:4] $5\tmp[9:0] [2] } = { $5\tmp[9:0] [1] $5\tmp[9:0] [1] $5\tmp[9:0] [1] $5\tmp[9:0] [1] $5\tmp[9:0] [1:0] $5\tmp[9:0] [1] }
  Optimizing cells in module \counter.
    Consolidated identical input bits for $mux cell $procmux$210:
      Old ports: A=$5\tmp[9:0], B={ 6'000000 $3\tmp[9:0] }, Y=$0\tmp[9:0]
      New ports: A={ $5\tmp[9:0] [1:0] $5\tmp[9:0] [3] $5\tmp[9:0] [1] $5\tmp[9:0] [1:0] }, B={ 2'00 $3\tmp[9:0] [1:0] $3\tmp[9:0] [1:0] }, Y=$0\tmp[9:0] [5:0]
      New connections: $0\tmp[9:0] [9:6] = { $0\tmp[9:0] [5] $0\tmp[9:0] [5] $0\tmp[9:0] [5] $0\tmp[9:0] [5] }
  Optimizing cells in module \counter.
Performed a total of 5 changes.

6.5. Executing OPT_MERGE pass (detect identical cells).
Finding identical cells in module `\counter'.
Removed a total of 0 cells.

6.6. Executing OPT_SHARE pass.

6.7. Executing OPT_DFF pass (perform DFF optimizations).

6.8. Executing OPT_CLEAN pass (remove unused cells and wires).
Finding unused cells or wires in module \counter..
Removed 0 unused cells and 6 unused wires.
<suppressed ~1 debug messages>

6.9. Executing OPT_EXPR pass (perform const folding).
Optimizing module counter.
<suppressed ~2 debug messages>

6.10. Rerunning OPT passes. (Maybe there is more to do..)

6.11. Executing OPT_MUXTREE pass (detect dead branches in mux trees).
Running muxtree optimizer on module \counter..
  Creating internal representation of mux trees.
  Evaluating internal representation of mux trees.
  Analyzing evaluation results.
Removed 0 multiplexer ports.
<suppressed ~12 debug messages>

6.12. Executing OPT_REDUCE pass (consolidate $*mux and $reduce_* inputs).
  Optimizing cells in module \counter.
Performed a total of 0 changes.

6.13. Executing OPT_MERGE pass (detect identical cells).
Finding identical cells in module `\counter'.
Removed a total of 0 cells.

6.14. Executing OPT_SHARE pass.

6.15. Executing OPT_DFF pass (perform DFF optimizations).

6.16. Executing OPT_CLEAN pass (remove unused cells and wires).
Finding unused cells or wires in module \counter..
Removed 0 unused cells and 2 unused wires.
<suppressed ~1 debug messages>

6.17. Executing OPT_EXPR pass (perform const folding).
Optimizing module counter.

6.18. Rerunning OPT passes. (Maybe there is more to do..)

6.19. Executing OPT_MUXTREE pass (detect dead branches in mux trees).
Running muxtree optimizer on module \counter..
  Creating internal representation of mux trees.
  Evaluating internal representation of mux trees.
  Analyzing evaluation results.
Removed 0 multiplexer ports.
<suppressed ~12 debug messages>

6.20. Executing OPT_REDUCE pass (consolidate $*mux and $reduce_* inputs).
  Optimizing cells in module \counter.
Performed a total of 0 changes.

6.21. Executing OPT_MERGE pass (detect identical cells).
Finding identical cells in module `\counter'.
Removed a total of 0 cells.

6.22. Executing OPT_SHARE pass.

6.23. Executing OPT_DFF pass (perform DFF optimizations).

6.24. Executing OPT_CLEAN pass (remove unused cells and wires).
Finding unused cells or wires in module \counter..

6.25. Executing OPT_EXPR pass (perform const folding).
Optimizing module counter.

6.26. Finished OPT passes. (There is nothing left to do.)

7. Executing TECHMAP pass (map to technology primitives).

7.1. Executing Verilog-2005 frontend: /home/lukas/tabby-linux-x64-20240903/tabby/lib/../share/yosys/techmap.v
Parsing Verilog input from `/home/lukas/tabby-linux-x64-20240903/tabby/lib/../share/yosys/techmap.v' to AST representation.
Generating RTLIL representation for module `\_90_simplemap_bool_ops'.
Generating RTLIL representation for module `\_90_simplemap_reduce_ops'.
Generating RTLIL representation for module `\_90_simplemap_logic_ops'.
Generating RTLIL representation for module `\_90_simplemap_compare_ops'.
Generating RTLIL representation for module `\_90_simplemap_various'.
Generating RTLIL representation for module `\_90_simplemap_registers'.
Generating RTLIL representation for module `\_90_shift_ops_shr_shl_sshl_sshr'.
Generating RTLIL representation for module `\_90_shift_shiftx'.
Generating RTLIL representation for module `\_90_fa'.
Generating RTLIL representation for module `\_90_lcu_brent_kung'.
Generating RTLIL representation for module `\_90_alu'.
Generating RTLIL representation for module `\_90_macc'.
Generating RTLIL representation for module `\_90_alumacc'.
Generating RTLIL representation for module `\$__div_mod_u'.
Generating RTLIL representation for module `\$__div_mod_trunc'.
Generating RTLIL representation for module `\_90_div'.
Generating RTLIL representation for module `\_90_mod'.
Generating RTLIL representation for module `\$__div_mod_floor'.
Generating RTLIL representation for module `\_90_divfloor'.
Generating RTLIL representation for module `\_90_modfloor'.
Generating RTLIL representation for module `\_90_pow'.
Generating RTLIL representation for module `\_90_pmux'.
Generating RTLIL representation for module `\_90_demux'.
Generating RTLIL representation for module `\_90_lut'.
Successfully finished Verilog frontend.

7.2. Continuing TECHMAP pass.
Running "alumacc" on wrapper $extern:wrap:$add:A_SIGNED=1:A_WIDTH=10:B_SIGNED=1:B_WIDTH=10:Y_WIDTH=10:394426c56d1a028ba8fdd5469b163e04011def47.
Using template $extern:wrap:$add:A_SIGNED=1:A_WIDTH=10:B_SIGNED=1:B_WIDTH=10:Y_WIDTH=10:394426c56d1a028ba8fdd5469b163e04011def47 for cells of type $extern:wrap:$add:A_SIGNED=1:A_WIDTH=10:B_SIGNED=1:B_WIDTH=10:Y_WIDTH=10:394426c56d1a028ba8fdd5469b163e04011def47.
Using extmapper simplemap for cells of type $ff.
Using extmapper simplemap for cells of type $mux.
Using extmapper simplemap for cells of type $eq.
Using extmapper simplemap for cells of type $logic_not.
Running "alumacc" on wrapper $extern:wrap:$ge:A_SIGNED=1:A_WIDTH=10:B_SIGNED=1:B_WIDTH=9:Y_WIDTH=1:394426c56d1a028ba8fdd5469b163e04011def47.
Using template $extern:wrap:$ge:A_SIGNED=1:A_WIDTH=10:B_SIGNED=1:B_WIDTH=9:Y_WIDTH=1:394426c56d1a028ba8fdd5469b163e04011def47 for cells of type $extern:wrap:$ge:A_SIGNED=1:A_WIDTH=10:B_SIGNED=1:B_WIDTH=9:Y_WIDTH=1:394426c56d1a028ba8fdd5469b163e04011def47.
Running "alumacc" on wrapper $extern:wrap:$gt:A_SIGNED=1:A_WIDTH=10:B_SIGNED=1:B_WIDTH=9:Y_WIDTH=1:394426c56d1a028ba8fdd5469b163e04011def47.
Using template $extern:wrap:$gt:A_SIGNED=1:A_WIDTH=10:B_SIGNED=1:B_WIDTH=9:Y_WIDTH=1:394426c56d1a028ba8fdd5469b163e04011def47 for cells of type $extern:wrap:$gt:A_SIGNED=1:A_WIDTH=10:B_SIGNED=1:B_WIDTH=9:Y_WIDTH=1:394426c56d1a028ba8fdd5469b163e04011def47.
Running "alumacc" on wrapper $extern:wrap:$le:A_SIGNED=1:A_WIDTH=10:B_SIGNED=1:B_WIDTH=9:Y_WIDTH=1:394426c56d1a028ba8fdd5469b163e04011def47.
Using template $extern:wrap:$le:A_SIGNED=1:A_WIDTH=10:B_SIGNED=1:B_WIDTH=9:Y_WIDTH=1:394426c56d1a028ba8fdd5469b163e04011def47 for cells of type $extern:wrap:$le:A_SIGNED=1:A_WIDTH=10:B_SIGNED=1:B_WIDTH=9:Y_WIDTH=1:394426c56d1a028ba8fdd5469b163e04011def47.
Using extmapper simplemap for cells of type $logic_and.
Running "alumacc" on wrapper $extern:wrap:$lt:A_SIGNED=1:A_WIDTH=10:B_SIGNED=1:B_WIDTH=9:Y_WIDTH=1:394426c56d1a028ba8fdd5469b163e04011def47.
Using template $extern:wrap:$lt:A_SIGNED=1:A_WIDTH=10:B_SIGNED=1:B_WIDTH=9:Y_WIDTH=1:394426c56d1a028ba8fdd5469b163e04011def47 for cells of type $extern:wrap:$lt:A_SIGNED=1:A_WIDTH=10:B_SIGNED=1:B_WIDTH=9:Y_WIDTH=1:394426c56d1a028ba8fdd5469b163e04011def47.
Using extmapper simplemap for cells of type $ne.
Using extmapper simplemap for cells of type $not.
Using extmapper simplemap for cells of type $and.
Running "alumacc" on wrapper $extern:wrap:$sub:A_SIGNED=1:A_WIDTH=10:B_SIGNED=1:B_WIDTH=10:Y_WIDTH=10:394426c56d1a028ba8fdd5469b163e04011def47.
Using template $extern:wrap:$sub:A_SIGNED=1:A_WIDTH=10:B_SIGNED=1:B_WIDTH=10:Y_WIDTH=10:394426c56d1a028ba8fdd5469b163e04011def47 for cells of type $extern:wrap:$sub:A_SIGNED=1:A_WIDTH=10:B_SIGNED=1:B_WIDTH=10:Y_WIDTH=10:394426c56d1a028ba8fdd5469b163e04011def47.
Using template $paramod$3d4d857737ce5ee764ebe220e87ff73b66d6d0ad\_90_alu for cells of type $alu.
Using extmapper simplemap for cells of type $reduce_and.
Using extmapper simplemap for cells of type $xor.
Using template $paramod$c09065a520d86e039c9be7351b61bb943f653e23\_90_alu for cells of type $alu.
Using extmapper simplemap for cells of type $reduce_or.
Using extmapper simplemap for cells of type $or.
Using template $paramod\_90_lcu_brent_kung\WIDTH=32'00000000000000000000000000001010 for cells of type $lcu.
Using extmapper simplemap for cells of type $pos.
No more expansions possible.
<suppressed ~1196 debug messages>

8. Executing OPT pass (performing simple optimizations).

8.1. Executing OPT_EXPR pass (perform const folding).
Optimizing module counter.
<suppressed ~728 debug messages>

8.2. Executing OPT_MERGE pass (detect identical cells).
Finding identical cells in module `\counter'.
<suppressed ~615 debug messages>
Removed a total of 205 cells.

8.3. Executing OPT_DFF pass (perform DFF optimizations).

8.4. Executing OPT_CLEAN pass (remove unused cells and wires).
Finding unused cells or wires in module \counter..
Removed 172 unused cells and 852 unused wires.
<suppressed ~173 debug messages>

8.5. Finished fast OPT passes.

9. Executing MEMORY_MAP pass (converting memories to logic and flip-flops).

10. Executing FORMALFF pass.

11. Executing SIMPLEMAP pass (map simple cells to gate primitives).

12. Executing DFFUNMAP pass (unmap clock enable and synchronous reset from FFs).

13. Executing ABC pass (technology mapping using ABC).

13.1. Extracting gate netlist of module `\counter' to `<abc-temp-dir>/input.blif'..
Extracted 908 gates and 1048 wires to a netlist network with 138 inputs and 39 outputs.

13.1.1. Executing ABC.
Running ABC command: "<yosys-exe-dir>/yosys-abc" -s -f <abc-temp-dir>/abc.script 2>&1
ABC: ABC command line: "source <abc-temp-dir>/abc.script".
ABC: 
ABC: + read_blif <abc-temp-dir>/input.blif 
ABC: + read_library <abc-temp-dir>/stdcells.genlib 
ABC: Entered genlib library with 5 gates from file "<abc-temp-dir>/stdcells.genlib".
ABC: + strash 
ABC: + dretime 
ABC: + map 
ABC: + write_blif <abc-temp-dir>/output.blif 

13.1.2. Re-integrating ABC results.
ABC RESULTS:               AND cells:     1083
ABC RESULTS:               NOT cells:      886
ABC RESULTS:        internal signals:      871
ABC RESULTS:           input signals:      138
ABC RESULTS:          output signals:       39
Removing temp directory.

14. Executing OPT_CLEAN pass (remove unused cells and wires).
Finding unused cells or wires in module \counter..
Removed 0 unused cells and 596 unused wires.
<suppressed ~1 debug messages>

15. Printing statistics.

=== counter ===

   Number of wires:               1999
   Number of wire bits:           2125
   Number of public wires:          22
   Number of public wire bits:     148
   Number of ports:                  3
   Number of port bits:              3
   Number of memories:               0
   Number of memory bits:            0
   Number of processes:              0
   Number of cells:               2018
     $_AND_                       1083
     $_FF_                          19
     $_NOT_                        886
     $anyinit                       17
     $assert                        10
     $assume                         3

16. Executing AIGER backend.

End of script. Logfile hash: f99ec2e540, CPU: user 0.12s system 0.02s, MEM: 40.02 MB peak
Yosys 0.45 (git sha1 9ed031ddd, clang++ 14.0.0-1ubuntu1.1 -fPIC -O3)
Time spent: 42% 1x abc (0 sec), 15% 1x techmap (0 sec), ...
