
 /----------------------------------------------------------------------------\
 |  yosys -- Yosys Open SYnthesis Suite -- YosysHQ Edition [202409031137]     |
 |  Copyright (C) 2012 - 2024 YosysHQ GmbH                                    |
 |  For support, please contact support@yosyshq.com                           |
 \----------------------------------------------------------------------------/
 Yosys 0.45 (git sha1 9ed031ddd, clang++ 14.0.0-1ubuntu1.1 -fPIC -O3)

-- Executing script file `design_smt2.ys' --

1. Executing RTLIL frontend.
Input filename: design_prep.il

2. Executing HIERARCHY pass (managing design hierarchy).

2.1. Analyzing design hierarchy..
Top module:  \counter
Used module:     \SB_LUT4(LUT_INIT=16'b1010001011110011)
Used module:     \SB_LUT4(LUT_INIT=16'b1000000000000000)
Used module:     \SB_LUT4(LUT_INIT=16'b011111111)
Used module:     \SB_LUT4(LUT_INIT=16'b01111)
Used module:     \SB_LUT4(LUT_INIT=16'b01100)
Used module:     \SB_LUT4(LUT_INIT=16'b1111001100000000)
Used module:     \SB_LUT4(LUT_INIT=16'b011111111111100)
Used module:     \SB_LUT4(LUT_INIT=16'b1011111100000000)
Used module:     \SB_LUT4(LUT_INIT=16'b1111000000000000)
Used module:     \SB_LUT4(LUT_INIT=16'b1111110011000000)
Used module:     \SB_LUT4(LUT_INIT=16'b1111000000001111)
Used module:     \SB_LUT4(LUT_INIT=16'b01000000000000)
Used module:     \SB_LUT4(LUT_INIT=16'b011000000)
Used module:     \SB_LUT4(LUT_INIT=16'b01000)
Used module:     \SB_LUT4(LUT_INIT=16'b0111100000000)
Used module:     \SB_LUT4(LUT_INIT=16'b010101010101010)
Used module:     \SB_LUT4(LUT_INIT=16'b011001100110110)
Used module:     \SB_LUT4(LUT_INIT=16'b0111100111100)
Used module:     \SB_LUT4(LUT_INIT=16'b0110000)
Used module:     \SB_CARRY
Used module:     \SB_LUT4(LUT_INIT=16'b011001111001001)
Used module:     \SB_LUT4(LUT_INIT=16'b011111110)
Used module:     \SB_LUT4(LUT_INIT=16'b011001100110000)
Used module:     \SB_LUT4(LUT_INIT=16'b011000000110001)
Used module:     \SB_LUT4(LUT_INIT=16'b010101010101011)
Used module:     \SB_DFFSR
Used module:     \SB_LUT4(LUT_INIT=16'b1100001111001100)
Used module:     \SB_LUT4(LUT_INIT=16'b0111)
Used module:     \SB_LUT4(LUT_INIT=16'b011110011000011)
Used module:     \SB_LUT4(LUT_INIT=16'b0110101010101001)
Used module:     \SB_LUT4(LUT_INIT=16'b011110000111001)
Used module:     \SB_LUT4(LUT_INIT=16'b1111000000111100)
Used module:     \SB_LUT4(LUT_INIT=16'b1111110101110001)
Used module:     \SB_LUT4(LUT_INIT=16'b1100000011001100)
Used module:     \SB_LUT4(LUT_INIT=16'b01)
Used module:     \SB_LUT4(LUT_INIT=16'b1111000011000011)

2.2. Analyzing design hierarchy..
Top module:  \counter
Used module:     \SB_LUT4(LUT_INIT=16'b1010001011110011)
Used module:     \SB_LUT4(LUT_INIT=16'b1000000000000000)
Used module:     \SB_LUT4(LUT_INIT=16'b011111111)
Used module:     \SB_LUT4(LUT_INIT=16'b01111)
Used module:     \SB_LUT4(LUT_INIT=16'b01100)
Used module:     \SB_LUT4(LUT_INIT=16'b1111001100000000)
Used module:     \SB_LUT4(LUT_INIT=16'b011111111111100)
Used module:     \SB_LUT4(LUT_INIT=16'b1011111100000000)
Used module:     \SB_LUT4(LUT_INIT=16'b1111000000000000)
Used module:     \SB_LUT4(LUT_INIT=16'b1111110011000000)
Used module:     \SB_LUT4(LUT_INIT=16'b1111000000001111)
Used module:     \SB_LUT4(LUT_INIT=16'b01000000000000)
Used module:     \SB_LUT4(LUT_INIT=16'b011000000)
Used module:     \SB_LUT4(LUT_INIT=16'b01000)
Used module:     \SB_LUT4(LUT_INIT=16'b0111100000000)
Used module:     \SB_LUT4(LUT_INIT=16'b010101010101010)
Used module:     \SB_LUT4(LUT_INIT=16'b011001100110110)
Used module:     \SB_LUT4(LUT_INIT=16'b0111100111100)
Used module:     \SB_LUT4(LUT_INIT=16'b0110000)
Used module:     \SB_CARRY
Used module:     \SB_LUT4(LUT_INIT=16'b011001111001001)
Used module:     \SB_LUT4(LUT_INIT=16'b011111110)
Used module:     \SB_LUT4(LUT_INIT=16'b011001100110000)
Used module:     \SB_LUT4(LUT_INIT=16'b011000000110001)
Used module:     \SB_LUT4(LUT_INIT=16'b010101010101011)
Used module:     \SB_DFFSR
Used module:     \SB_LUT4(LUT_INIT=16'b1100001111001100)
Used module:     \SB_LUT4(LUT_INIT=16'b0111)
Used module:     \SB_LUT4(LUT_INIT=16'b011110011000011)
Used module:     \SB_LUT4(LUT_INIT=16'b0110101010101001)
Used module:     \SB_LUT4(LUT_INIT=16'b011110000111001)
Used module:     \SB_LUT4(LUT_INIT=16'b1111000000111100)
Used module:     \SB_LUT4(LUT_INIT=16'b1111110101110001)
Used module:     \SB_LUT4(LUT_INIT=16'b1100000011001100)
Used module:     \SB_LUT4(LUT_INIT=16'b01)
Used module:     \SB_LUT4(LUT_INIT=16'b1111000011000011)
Removed 0 unused modules.

3. Executing FORMALFF pass.

4. Executing DFFUNMAP pass (unmap clock enable and synchronous reset from FFs).

5. Printing statistics.

=== counter ===

   Number of wires:                 55
   Number of wire bits:            125
   Number of public wires:          54
   Number of public wire bits:     124
   Number of ports:                  4
   Number of port bits:             13
   Number of memories:               0
   Number of memory bits:            0
   Number of processes:              0
   Number of cells:                 76
     $assume                         1
     $not                            1
     SB_CARRY                       14
     SB_DFFSR                       10
     SB_LUT4(LUT_INIT=16'b01)        1
     SB_LUT4(LUT_INIT=16'b01000)      1
     SB_LUT4(LUT_INIT=16'b01000000000000)      2
     SB_LUT4(LUT_INIT=16'b010101010101010)      1
     SB_LUT4(LUT_INIT=16'b010101010101011)      1
     SB_LUT4(LUT_INIT=16'b01100)      1
     SB_LUT4(LUT_INIT=16'b0110000)      1
     SB_LUT4(LUT_INIT=16'b011000000)      1
     SB_LUT4(LUT_INIT=16'b011000000110001)      1
     SB_LUT4(LUT_INIT=16'b011001100110000)      1
     SB_LUT4(LUT_INIT=16'b011001100110110)      1
     SB_LUT4(LUT_INIT=16'b011001111001001)      1
     SB_LUT4(LUT_INIT=16'b0110101010101001)      1
     SB_LUT4(LUT_INIT=16'b0111)      1
     SB_LUT4(LUT_INIT=16'b01111)      2
     SB_LUT4(LUT_INIT=16'b0111100000000)      1
     SB_LUT4(LUT_INIT=16'b011110000111001)      1
     SB_LUT4(LUT_INIT=16'b011110011000011)      2
     SB_LUT4(LUT_INIT=16'b0111100111100)      1
     SB_LUT4(LUT_INIT=16'b011111110)      1
     SB_LUT4(LUT_INIT=16'b011111111)     10
     SB_LUT4(LUT_INIT=16'b011111111111100)      1
     SB_LUT4(LUT_INIT=16'b1000000000000000)      1
     SB_LUT4(LUT_INIT=16'b1010001011110011)      1
     SB_LUT4(LUT_INIT=16'b1011111100000000)      1
     SB_LUT4(LUT_INIT=16'b1100000011001100)      1
     SB_LUT4(LUT_INIT=16'b1100001111001100)      1
     SB_LUT4(LUT_INIT=16'b1111000000000000)      2
     SB_LUT4(LUT_INIT=16'b1111000000001111)      3
     SB_LUT4(LUT_INIT=16'b1111000000111100)      1
     SB_LUT4(LUT_INIT=16'b1111000011000011)      1
     SB_LUT4(LUT_INIT=16'b1111001100000000)      2
     SB_LUT4(LUT_INIT=16'b1111110011000000)      1
     SB_LUT4(LUT_INIT=16'b1111110101110001)      1

=== SB_LUT4(LUT_INIT=16'b1111110101110001) ===

   Number of wires:                  8
   Number of wire bits:             19
   Number of public wires:           8
   Number of public wire bits:      19
   Number of ports:                  5
   Number of port bits:              5
   Number of memories:               0
   Number of memory bits:            0
   Number of processes:              0
   Number of cells:                  3
     $mux                            3

=== SB_LUT4(LUT_INIT=16'b1111110011000000) ===

   Number of wires:                  8
   Number of wire bits:             17
   Number of public wires:           8
   Number of public wire bits:      17
   Number of ports:                  5
   Number of port bits:              5
   Number of memories:               0
   Number of memory bits:            0
   Number of processes:              0
   Number of cells:                  3
     $mux                            3

=== SB_LUT4(LUT_INIT=16'b1111001100000000) ===

   Number of wires:                  8
   Number of wire bits:             19
   Number of public wires:           8
   Number of public wire bits:      19
   Number of ports:                  5
   Number of port bits:              5
   Number of memories:               0
   Number of memory bits:            0
   Number of processes:              0
   Number of cells:                  3
     $mux                            3

=== SB_LUT4(LUT_INIT=16'b1111000011000011) ===

   Number of wires:                  8
   Number of wire bits:             17
   Number of public wires:           8
   Number of public wire bits:      17
   Number of ports:                  5
   Number of port bits:              5
   Number of memories:               0
   Number of memory bits:            0
   Number of processes:              0
   Number of cells:                  4
     $mux                            3
     $not                            1

=== SB_LUT4(LUT_INIT=16'b1111000000111100) ===

   Number of wires:                  8
   Number of wire bits:             19
   Number of public wires:           8
   Number of public wire bits:      19
   Number of ports:                  5
   Number of port bits:              5
   Number of memories:               0
   Number of memory bits:            0
   Number of processes:              0
   Number of cells:                  4
     $mux                            3
     $not                            1

=== SB_LUT4(LUT_INIT=16'b1111000000001111) ===

   Number of wires:                  8
   Number of wire bits:             19
   Number of public wires:           8
   Number of public wire bits:      19
   Number of ports:                  5
   Number of port bits:              5
   Number of memories:               0
   Number of memory bits:            0
   Number of processes:              0
   Number of cells:                  4
     $mux                            3
     $not                            1

=== SB_LUT4(LUT_INIT=16'b1111000000000000) ===

   Number of wires:                  8
   Number of wire bits:             19
   Number of public wires:           8
   Number of public wire bits:      19
   Number of ports:                  5
   Number of port bits:              5
   Number of memories:               0
   Number of memory bits:            0
   Number of processes:              0
   Number of cells:                  3
     $mux                            3

=== SB_LUT4(LUT_INIT=16'b1100001111001100) ===

   Number of wires:                  8
   Number of wire bits:             15
   Number of public wires:           8
   Number of public wire bits:      15
   Number of ports:                  5
   Number of port bits:              5
   Number of memories:               0
   Number of memory bits:            0
   Number of processes:              0
   Number of cells:                  4
     $mux                            3
     $not                            1

=== SB_LUT4(LUT_INIT=16'b1100000011001100) ===

   Number of wires:                  8
   Number of wire bits:             15
   Number of public wires:           8
   Number of public wire bits:      15
   Number of ports:                  5
   Number of port bits:              5
   Number of memories:               0
   Number of memory bits:            0
   Number of processes:              0
   Number of cells:                  4
     $mux                            3
     $not                            1

=== SB_LUT4(LUT_INIT=16'b1011111100000000) ===

   Number of wires:                  8
   Number of wire bits:             19
   Number of public wires:           8
   Number of public wire bits:      19
   Number of ports:                  5
   Number of port bits:              5
   Number of memories:               0
   Number of memory bits:            0
   Number of processes:              0
   Number of cells:                  3
     $mux                            3

=== SB_LUT4(LUT_INIT=16'b1010001011110011) ===

   Number of wires:                  8
   Number of wire bits:             18
   Number of public wires:           8
   Number of public wire bits:      18
   Number of ports:                  5
   Number of port bits:              5
   Number of memories:               0
   Number of memory bits:            0
   Number of processes:              0
   Number of cells:                  4
     $mux                            3
     $not                            1

=== SB_LUT4(LUT_INIT=16'b1000000000000000) ===

   Number of wires:                  8
   Number of wire bits:             19
   Number of public wires:           8
   Number of public wire bits:      19
   Number of ports:                  5
   Number of port bits:              5
   Number of memories:               0
   Number of memory bits:            0
   Number of processes:              0
   Number of cells:                  3
     $mux                            3

=== SB_LUT4(LUT_INIT=16'b011111111111100) ===

   Number of wires:                  8
   Number of wire bits:             19
   Number of public wires:           8
   Number of public wire bits:      19
   Number of ports:                  5
   Number of port bits:              5
   Number of memories:               0
   Number of memory bits:            0
   Number of processes:              0
   Number of cells:                  4
     $mux                            3
     $not                            1

=== SB_LUT4(LUT_INIT=16'b011111111) ===

   Number of wires:                  8
   Number of wire bits:             19
   Number of public wires:           8
   Number of public wire bits:      19
   Number of ports:                  5
   Number of port bits:              5
   Number of memories:               0
   Number of memory bits:            0
   Number of processes:              0
   Number of cells:                  1
     $not                            1

=== SB_LUT4(LUT_INIT=16'b011111110) ===

   Number of wires:                  8
   Number of wire bits:             19
   Number of public wires:           8
   Number of public wire bits:      19
   Number of ports:                  5
   Number of port bits:              5
   Number of memories:               0
   Number of memory bits:            0
   Number of processes:              0
   Number of cells:                  4
     $mux                            3
     $not                            1

=== SB_LUT4(LUT_INIT=16'b0111100111100) ===

   Number of wires:                  8
   Number of wire bits:             17
   Number of public wires:           8
   Number of public wire bits:      17
   Number of ports:                  5
   Number of port bits:              5
   Number of memories:               0
   Number of memory bits:            0
   Number of processes:              0
   Number of cells:                  4
     $mux                            3
     $not                            1

=== SB_LUT4(LUT_INIT=16'b011110011000011) ===

   Number of wires:                  8
   Number of wire bits:             19
   Number of public wires:           8
   Number of public wire bits:      19
   Number of ports:                  5
   Number of port bits:              5
   Number of memories:               0
   Number of memory bits:            0
   Number of processes:              0
   Number of cells:                  4
     $mux                            3
     $not                            1

=== SB_LUT4(LUT_INIT=16'b011110000111001) ===

   Number of wires:                  8
   Number of wire bits:             14
   Number of public wires:           8
   Number of public wire bits:      14
   Number of ports:                  5
   Number of port bits:              5
   Number of memories:               0
   Number of memory bits:            0
   Number of processes:              0
   Number of cells:                  4
     $mux                            3
     $not                            1

=== SB_LUT4(LUT_INIT=16'b0111100000000) ===

   Number of wires:                  8
   Number of wire bits:             15
   Number of public wires:           8
   Number of public wire bits:      15
   Number of ports:                  5
   Number of port bits:              5
   Number of memories:               0
   Number of memory bits:            0
   Number of processes:              0
   Number of cells:                  3
     $mux                            3

=== SB_LUT4(LUT_INIT=16'b01111) ===

   Number of wires:                  8
   Number of wire bits:             15
   Number of public wires:           8
   Number of public wire bits:      15
   Number of ports:                  5
   Number of port bits:              5
   Number of memories:               0
   Number of memory bits:            0
   Number of processes:              0
   Number of cells:                  4
     $mux                            3
     $not                            1

=== SB_LUT4(LUT_INIT=16'b0111) ===

   Number of wires:                  8
   Number of wire bits:             18
   Number of public wires:           8
   Number of public wire bits:      18
   Number of ports:                  5
   Number of port bits:              5
   Number of memories:               0
   Number of memory bits:            0
   Number of processes:              0
   Number of cells:                  4
     $mux                            3
     $not                            1

=== SB_LUT4(LUT_INIT=16'b0110101010101001) ===

   Number of wires:                  8
   Number of wire bits:             19
   Number of public wires:           8
   Number of public wire bits:      19
   Number of ports:                  5
   Number of port bits:              5
   Number of memories:               0
   Number of memory bits:            0
   Number of processes:              0
   Number of cells:                  4
     $mux                            3
     $not                            1

=== SB_LUT4(LUT_INIT=16'b011001111001001) ===

   Number of wires:                  8
   Number of wire bits:             19
   Number of public wires:           8
   Number of public wire bits:      19
   Number of ports:                  5
   Number of port bits:              5
   Number of memories:               0
   Number of memory bits:            0
   Number of processes:              0
   Number of cells:                  4
     $mux                            3
     $not                            1

=== SB_LUT4(LUT_INIT=16'b011001100110110) ===

   Number of wires:                  8
   Number of wire bits:             18
   Number of public wires:           8
   Number of public wire bits:      18
   Number of ports:                  5
   Number of port bits:              5
   Number of memories:               0
   Number of memory bits:            0
   Number of processes:              0
   Number of cells:                  4
     $mux                            3
     $not                            1

=== SB_LUT4(LUT_INIT=16'b011001100110000) ===

   Number of wires:                  8
   Number of wire bits:             11
   Number of public wires:           8
   Number of public wire bits:      11
   Number of ports:                  5
   Number of port bits:              5
   Number of memories:               0
   Number of memory bits:            0
   Number of processes:              0
   Number of cells:                  3
     $mux                            3

=== SB_LUT4(LUT_INIT=16'b011000000110001) ===

   Number of wires:                  8
   Number of wire bits:             17
   Number of public wires:           8
   Number of public wire bits:      17
   Number of ports:                  5
   Number of port bits:              5
   Number of memories:               0
   Number of memory bits:            0
   Number of processes:              0
   Number of cells:                  4
     $mux                            3
     $not                            1

=== SB_LUT4(LUT_INIT=16'b011000000) ===

   Number of wires:                  8
   Number of wire bits:             19
   Number of public wires:           8
   Number of public wire bits:      19
   Number of ports:                  5
   Number of port bits:              5
   Number of memories:               0
   Number of memory bits:            0
   Number of processes:              0
   Number of cells:                  4
     $mux                            3
     $not                            1

=== SB_LUT4(LUT_INIT=16'b0110000) ===

   Number of wires:                  8
   Number of wire bits:             17
   Number of public wires:           8
   Number of public wire bits:      17
   Number of ports:                  5
   Number of port bits:              5
   Number of memories:               0
   Number of memory bits:            0
   Number of processes:              0
   Number of cells:                  4
     $mux                            3
     $not                            1

=== SB_LUT4(LUT_INIT=16'b01100) ===

   Number of wires:                  8
   Number of wire bits:             15
   Number of public wires:           8
   Number of public wire bits:      15
   Number of ports:                  5
   Number of port bits:              5
   Number of memories:               0
   Number of memory bits:            0
   Number of processes:              0
   Number of cells:                  4
     $mux                            3
     $not                            1

=== SB_LUT4(LUT_INIT=16'b010101010101011) ===

   Number of wires:                  8
   Number of wire bits:             19
   Number of public wires:           8
   Number of public wire bits:      19
   Number of ports:                  5
   Number of port bits:              5
   Number of memories:               0
   Number of memory bits:            0
   Number of processes:              0
   Number of cells:                  4
     $mux                            3
     $not                            1

=== SB_LUT4(LUT_INIT=16'b010101010101010) ===

   Number of wires:                  8
   Number of wire bits:             19
   Number of public wires:           8
   Number of public wire bits:      19
   Number of ports:                  5
   Number of port bits:              5
   Number of memories:               0
   Number of memory bits:            0
   Number of processes:              0
   Number of cells:                  4
     $mux                            3
     $not                            1

=== SB_LUT4(LUT_INIT=16'b01000000000000) ===

   Number of wires:                  8
   Number of wire bits:             12
   Number of public wires:           8
   Number of public wire bits:      12
   Number of ports:                  5
   Number of port bits:              5
   Number of memories:               0
   Number of memory bits:            0
   Number of processes:              0
   Number of cells:                  3
     $mux                            3

=== SB_LUT4(LUT_INIT=16'b01000) ===

   Number of wires:                  8
   Number of wire bits:             15
   Number of public wires:           8
   Number of public wire bits:      15
   Number of ports:                  5
   Number of port bits:              5
   Number of memories:               0
   Number of memory bits:            0
   Number of processes:              0
   Number of cells:                  4
     $mux                            3
     $not                            1

=== SB_LUT4(LUT_INIT=16'b01) ===

   Number of wires:                  8
   Number of wire bits:              8
   Number of public wires:           8
   Number of public wire bits:       8
   Number of ports:                  5
   Number of port bits:              5
   Number of memories:               0
   Number of memory bits:            0
   Number of processes:              0
   Number of cells:                  4
     $mux                            3
     $not                            1

=== SB_DFFSR ===

   Number of wires:                  6
   Number of wire bits:              6
   Number of public wires:           4
   Number of public wire bits:       4
   Number of ports:                  4
   Number of port bits:              4
   Number of memories:               0
   Number of memory bits:            0
   Number of processes:              0
   Number of cells:                  4
     $assume                         1
     $ff                             1
     $mux                            1
     $not                            1

=== SB_CARRY ===

   Number of wires:                  7
   Number of wire bits:              7
   Number of public wires:           4
   Number of public wire bits:       4
   Number of ports:                  4
   Number of port bits:              4
   Number of memories:               0
   Number of memory bits:            0
   Number of processes:              0
   Number of cells:                  4
     $and                            2
     $or                             2

=== design hierarchy ===

   counter                           1
     SB_CARRY                       14
     SB_DFFSR                       10
     SB_LUT4(LUT_INIT=16'b01)        1
     SB_LUT4(LUT_INIT=16'b01000)      1
     SB_LUT4(LUT_INIT=16'b01000000000000)      2
     SB_LUT4(LUT_INIT=16'b010101010101010)      1
     SB_LUT4(LUT_INIT=16'b010101010101011)      1
     SB_LUT4(LUT_INIT=16'b01100)      1
     SB_LUT4(LUT_INIT=16'b0110000)      1
     SB_LUT4(LUT_INIT=16'b011000000)      1
     SB_LUT4(LUT_INIT=16'b011000000110001)      1
     SB_LUT4(LUT_INIT=16'b011001100110000)      1
     SB_LUT4(LUT_INIT=16'b011001100110110)      1
     SB_LUT4(LUT_INIT=16'b011001111001001)      1
     SB_LUT4(LUT_INIT=16'b0110101010101001)      1
     SB_LUT4(LUT_INIT=16'b0111)      1
     SB_LUT4(LUT_INIT=16'b01111)      2
     SB_LUT4(LUT_INIT=16'b0111100000000)      1
     SB_LUT4(LUT_INIT=16'b011110000111001)      1
     SB_LUT4(LUT_INIT=16'b011110011000011)      2
     SB_LUT4(LUT_INIT=16'b0111100111100)      1
     SB_LUT4(LUT_INIT=16'b011111110)      1
     SB_LUT4(LUT_INIT=16'b011111111)     10
     SB_LUT4(LUT_INIT=16'b011111111111100)      1
     SB_LUT4(LUT_INIT=16'b1000000000000000)      1
     SB_LUT4(LUT_INIT=16'b1010001011110011)      1
     SB_LUT4(LUT_INIT=16'b1011111100000000)      1
     SB_LUT4(LUT_INIT=16'b1100000011001100)      1
     SB_LUT4(LUT_INIT=16'b1100001111001100)      1
     SB_LUT4(LUT_INIT=16'b1111000000000000)      2
     SB_LUT4(LUT_INIT=16'b1111000000001111)      3
     SB_LUT4(LUT_INIT=16'b1111000000111100)      1
     SB_LUT4(LUT_INIT=16'b1111000011000011)      1
     SB_LUT4(LUT_INIT=16'b1111001100000000)      2
     SB_LUT4(LUT_INIT=16'b1111110011000000)      1
     SB_LUT4(LUT_INIT=16'b1111110101110001)      1

   Number of wires:                613
   Number of wire bits:           1154
   Number of public wires:         550
   Number of public wire bits:    1091
   Number of ports:                350
   Number of port bits:            359
   Number of memories:               0
   Number of memory bits:            0
   Number of processes:              0
   Number of cells:                256
     $and                           28
     $assume                        11
     $ff                            10
     $mux                          130
     $not                           49
     $or                            28

6. Executing SMT2 backend.

6.1. Executing BMUXMAP pass.

6.2. Executing DEMUXMAP pass.
Creating SMT-LIBv2 representation of module SB_CARRY.
Creating SMT-LIBv2 representation of module SB_DFFSR.
Creating SMT-LIBv2 representation of module SB_LUT4(LUT_INIT=16'b01).
Creating SMT-LIBv2 representation of module SB_LUT4(LUT_INIT=16'b01000).
Creating SMT-LIBv2 representation of module SB_LUT4(LUT_INIT=16'b01000000000000).
Creating SMT-LIBv2 representation of module SB_LUT4(LUT_INIT=16'b010101010101010).
Creating SMT-LIBv2 representation of module SB_LUT4(LUT_INIT=16'b010101010101011).
Creating SMT-LIBv2 representation of module SB_LUT4(LUT_INIT=16'b01100).
Creating SMT-LIBv2 representation of module SB_LUT4(LUT_INIT=16'b0110000).
Creating SMT-LIBv2 representation of module SB_LUT4(LUT_INIT=16'b011000000).
Creating SMT-LIBv2 representation of module SB_LUT4(LUT_INIT=16'b011000000110001).
Creating SMT-LIBv2 representation of module SB_LUT4(LUT_INIT=16'b011001100110000).
Creating SMT-LIBv2 representation of module SB_LUT4(LUT_INIT=16'b011001100110110).
Creating SMT-LIBv2 representation of module SB_LUT4(LUT_INIT=16'b011001111001001).
Creating SMT-LIBv2 representation of module SB_LUT4(LUT_INIT=16'b0110101010101001).
Creating SMT-LIBv2 representation of module SB_LUT4(LUT_INIT=16'b0111).
Creating SMT-LIBv2 representation of module SB_LUT4(LUT_INIT=16'b01111).
Creating SMT-LIBv2 representation of module SB_LUT4(LUT_INIT=16'b0111100000000).
Creating SMT-LIBv2 representation of module SB_LUT4(LUT_INIT=16'b011110000111001).
Creating SMT-LIBv2 representation of module SB_LUT4(LUT_INIT=16'b011110011000011).
Creating SMT-LIBv2 representation of module SB_LUT4(LUT_INIT=16'b0111100111100).
Creating SMT-LIBv2 representation of module SB_LUT4(LUT_INIT=16'b011111110).
Creating SMT-LIBv2 representation of module SB_LUT4(LUT_INIT=16'b011111111).
Creating SMT-LIBv2 representation of module SB_LUT4(LUT_INIT=16'b011111111111100).
Creating SMT-LIBv2 representation of module SB_LUT4(LUT_INIT=16'b1000000000000000).
Creating SMT-LIBv2 representation of module SB_LUT4(LUT_INIT=16'b1010001011110011).
Creating SMT-LIBv2 representation of module SB_LUT4(LUT_INIT=16'b1011111100000000).
Creating SMT-LIBv2 representation of module SB_LUT4(LUT_INIT=16'b1100000011001100).
Creating SMT-LIBv2 representation of module SB_LUT4(LUT_INIT=16'b1100001111001100).
Creating SMT-LIBv2 representation of module SB_LUT4(LUT_INIT=16'b1111000000000000).
Creating SMT-LIBv2 representation of module SB_LUT4(LUT_INIT=16'b1111000000001111).
Creating SMT-LIBv2 representation of module SB_LUT4(LUT_INIT=16'b1111000000111100).
Creating SMT-LIBv2 representation of module SB_LUT4(LUT_INIT=16'b1111000011000011).
Creating SMT-LIBv2 representation of module SB_LUT4(LUT_INIT=16'b1111001100000000).
Creating SMT-LIBv2 representation of module SB_LUT4(LUT_INIT=16'b1111110011000000).
Creating SMT-LIBv2 representation of module SB_LUT4(LUT_INIT=16'b1111110101110001).
Creating SMT-LIBv2 representation of module counter.

End of script. Logfile hash: d0eb7293f6, CPU: user 0.05s system 0.01s, MEM: 27.75 MB peak
Yosys 0.45 (git sha1 9ed031ddd, clang++ 14.0.0-1ubuntu1.1 -fPIC -O3)
Time spent: 81% 2x write_smt2 (0 sec), 12% 2x read_ilang (0 sec), ...
