
 /----------------------------------------------------------------------------\
 |  yosys -- Yosys Open SYnthesis Suite -- YosysHQ Edition [202409031137]     |
 |  Copyright (C) 2012 - 2024 YosysHQ GmbH                                    |
 |  For support, please contact support@yosyshq.com                           |
 \----------------------------------------------------------------------------/
 Yosys 0.45 (git sha1 9ed031ddd, clang++ 14.0.0-1ubuntu1.1 -fPIC -O3)

-- Executing script file `design_smt2.ys' --

1. Executing RTLIL frontend.
Input filename: design_prep.il

2. Executing HIERARCHY pass (managing design hierarchy).

2.1. Analyzing design hierarchy..
Top module:  \tb_counter
Used module:     \counter_0
Used module:         \assertions
Used module:         \$_SDFFE_PP1P__0
Used module:         \$_SDFFE_PP1P__6
Used module:         \$_SDFFE_PP1P__5
Used module:         \$_SDFFE_PP1P__4
Used module:         \$_SDFFE_PP0P__0
Used module:         \$_SDFFE_PP0P__2
Used module:         \$_SDFFE_PP1P__3
Used module:         \$_SDFFE_PP1P__2
Used module:         \$_SDFFE_PP1P__1
Used module:         \$_SDFFE_PP0P__1
Used module:         \$_AND_
Used module:         \$_OR_
Used module:         \$_XOR_
Used module:         \$_NOT_
Used module:         \$_MUX_

2.2. Analyzing design hierarchy..
Top module:  \tb_counter
Used module:     \counter_0
Used module:         \assertions
Used module:         \$_SDFFE_PP1P__0
Used module:         \$_SDFFE_PP1P__6
Used module:         \$_SDFFE_PP1P__5
Used module:         \$_SDFFE_PP1P__4
Used module:         \$_SDFFE_PP0P__0
Used module:         \$_SDFFE_PP0P__2
Used module:         \$_SDFFE_PP1P__3
Used module:         \$_SDFFE_PP1P__2
Used module:         \$_SDFFE_PP1P__1
Used module:         \$_SDFFE_PP0P__1
Used module:         \$_AND_
Used module:         \$_OR_
Used module:         \$_XOR_
Used module:         \$_NOT_
Used module:         \$_MUX_
Removed 0 unused modules.
Module tb_counter directly or indirectly contains formal properties -> setting "keep" attribute.
Module counter_0 directly or indirectly contains formal properties -> setting "keep" attribute.
Module assertions directly or indirectly contains formal properties -> setting "keep" attribute.

3. Executing FORMALFF pass.

4. Executing DFFUNMAP pass (unmap clock enable and synchronous reset from FFs).

5. Printing statistics.

=== tb_counter ===

   Number of wires:                  5
   Number of wire bits:             14
   Number of public wires:           4
   Number of public wire bits:      13
   Number of ports:                  4
   Number of port bits:             13
   Number of memories:               0
   Number of memory bits:            0
   Number of processes:              0
   Number of cells:                  3
     $assume                         1
     $not                            1
     counter_0                       1

=== counter_0 ===

   Number of wires:                156
   Number of wire bits:            466
   Number of public wires:         155
   Number of public wire bits:     465
   Number of ports:                  4
   Number of port bits:             13
   Number of memories:               0
   Number of memory bits:            0
   Number of processes:              0
   Number of cells:                303
     $assume                         1
     $not                            1
     \$_AND_                       109
     \$_MUX_                        27
     \$_NOT_                        45
     \$_OR_                         73
     \$_SDFFE_PP0P__0                1
     \$_SDFFE_PP0P__1                1
     \$_SDFFE_PP0P__2                1
     \$_SDFFE_PP1P__0                1
     \$_SDFFE_PP1P__1                1
     \$_SDFFE_PP1P__2                1
     \$_SDFFE_PP1P__3                1
     \$_SDFFE_PP1P__4                1
     \$_SDFFE_PP1P__5                1
     \$_SDFFE_PP1P__6                1
     \$_XOR_                        36
     assertions                      1

=== assertions ===

   Number of wires:                 56
   Number of wire bits:             84
   Number of public wires:           8
   Number of public wire bits:      26
   Number of ports:                  4
   Number of port bits:             13
   Number of memories:               0
   Number of memory bits:            0
   Number of processes:              0
   Number of cells:                 61
     $and                            3
     $anyinit                        3
     $assert                         6
     $assume                         3
     $eq                             4
     $ff                            13
     $le                             3
     $mux                           12
     $ne                             3
     $not                           10
     $sub                            1

=== \$_XOR_ ===

   Number of wires:                  3
   Number of wire bits:              3
   Number of public wires:           3
   Number of public wire bits:       3
   Number of ports:                  3
   Number of port bits:              3
   Number of memories:               0
   Number of memory bits:            0
   Number of processes:              0
   Number of cells:                  1
     $xor                            1

=== \$_SDFFE_PP1P__6 ===

   Number of wires:                  8
   Number of wire bits:              8
   Number of public wires:           5
   Number of public wire bits:       5
   Number of ports:                  5
   Number of port bits:              5
   Number of memories:               0
   Number of memory bits:            0
   Number of processes:              0
   Number of cells:                  5
     $assume                         1
     $ff                             1
     $mux                            2
     $not                            1

=== \$_SDFFE_PP1P__5 ===

   Number of wires:                  8
   Number of wire bits:              8
   Number of public wires:           5
   Number of public wire bits:       5
   Number of ports:                  5
   Number of port bits:              5
   Number of memories:               0
   Number of memory bits:            0
   Number of processes:              0
   Number of cells:                  5
     $assume                         1
     $ff                             1
     $mux                            2
     $not                            1

=== \$_SDFFE_PP1P__4 ===

   Number of wires:                  8
   Number of wire bits:              8
   Number of public wires:           5
   Number of public wire bits:       5
   Number of ports:                  5
   Number of port bits:              5
   Number of memories:               0
   Number of memory bits:            0
   Number of processes:              0
   Number of cells:                  5
     $assume                         1
     $ff                             1
     $mux                            2
     $not                            1

=== \$_SDFFE_PP1P__3 ===

   Number of wires:                  8
   Number of wire bits:              8
   Number of public wires:           5
   Number of public wire bits:       5
   Number of ports:                  5
   Number of port bits:              5
   Number of memories:               0
   Number of memory bits:            0
   Number of processes:              0
   Number of cells:                  5
     $assume                         1
     $ff                             1
     $mux                            2
     $not                            1

=== \$_SDFFE_PP1P__2 ===

   Number of wires:                  8
   Number of wire bits:              8
   Number of public wires:           5
   Number of public wire bits:       5
   Number of ports:                  5
   Number of port bits:              5
   Number of memories:               0
   Number of memory bits:            0
   Number of processes:              0
   Number of cells:                  5
     $assume                         1
     $ff                             1
     $mux                            2
     $not                            1

=== \$_SDFFE_PP1P__1 ===

   Number of wires:                  8
   Number of wire bits:              8
   Number of public wires:           5
   Number of public wire bits:       5
   Number of ports:                  5
   Number of port bits:              5
   Number of memories:               0
   Number of memory bits:            0
   Number of processes:              0
   Number of cells:                  5
     $assume                         1
     $ff                             1
     $mux                            2
     $not                            1

=== \$_SDFFE_PP1P__0 ===

   Number of wires:                  8
   Number of wire bits:              8
   Number of public wires:           5
   Number of public wire bits:       5
   Number of ports:                  5
   Number of port bits:              5
   Number of memories:               0
   Number of memory bits:            0
   Number of processes:              0
   Number of cells:                  5
     $assume                         1
     $ff                             1
     $mux                            2
     $not                            1

=== \$_SDFFE_PP0P__2 ===

   Number of wires:                  8
   Number of wire bits:              8
   Number of public wires:           5
   Number of public wire bits:       5
   Number of ports:                  5
   Number of port bits:              5
   Number of memories:               0
   Number of memory bits:            0
   Number of processes:              0
   Number of cells:                  5
     $assume                         1
     $ff                             1
     $mux                            2
     $not                            1

=== \$_SDFFE_PP0P__1 ===

   Number of wires:                  8
   Number of wire bits:              8
   Number of public wires:           5
   Number of public wire bits:       5
   Number of ports:                  5
   Number of port bits:              5
   Number of memories:               0
   Number of memory bits:            0
   Number of processes:              0
   Number of cells:                  5
     $assume                         1
     $ff                             1
     $mux                            2
     $not                            1

=== \$_SDFFE_PP0P__0 ===

   Number of wires:                  8
   Number of wire bits:              8
   Number of public wires:           5
   Number of public wire bits:       5
   Number of ports:                  5
   Number of port bits:              5
   Number of memories:               0
   Number of memory bits:            0
   Number of processes:              0
   Number of cells:                  5
     $assume                         1
     $ff                             1
     $mux                            2
     $not                            1

=== \$_OR_ ===

   Number of wires:                  3
   Number of wire bits:              3
   Number of public wires:           3
   Number of public wire bits:       3
   Number of ports:                  3
   Number of port bits:              3
   Number of memories:               0
   Number of memory bits:            0
   Number of processes:              0
   Number of cells:                  1
     $or                             1

=== \$_NOT_ ===

   Number of wires:                  2
   Number of wire bits:              2
   Number of public wires:           2
   Number of public wire bits:       2
   Number of ports:                  2
   Number of port bits:              2
   Number of memories:               0
   Number of memory bits:            0
   Number of processes:              0
   Number of cells:                  1
     $not                            1

=== \$_MUX_ ===

   Number of wires:                  4
   Number of wire bits:              4
   Number of public wires:           4
   Number of public wire bits:       4
   Number of ports:                  4
   Number of port bits:              4
   Number of memories:               0
   Number of memory bits:            0
   Number of processes:              0
   Number of cells:                  1
     $mux                            1

=== \$_AND_ ===

   Number of wires:                  3
   Number of wire bits:              3
   Number of public wires:           3
   Number of public wire bits:       3
   Number of ports:                  3
   Number of port bits:              3
   Number of memories:               0
   Number of memory bits:            0
   Number of processes:              0
   Number of cells:                  1
     $and                            1

=== design hierarchy ===

   tb_counter                        1
     counter_0                       1
       \$_AND_                     109
       \$_MUX_                      27
       \$_NOT_                      45
       \$_OR_                       73
       \$_SDFFE_PP0P__0              1
       \$_SDFFE_PP0P__1              1
       \$_SDFFE_PP0P__2              1
       \$_SDFFE_PP1P__0              1
       \$_SDFFE_PP1P__1              1
       \$_SDFFE_PP1P__2              1
       \$_SDFFE_PP1P__3              1
       \$_SDFFE_PP1P__4              1
       \$_SDFFE_PP1P__5              1
       \$_SDFFE_PP1P__6              1
       \$_XOR_                      36
       assertions                    1

   Number of wires:               1149
   Number of wire bits:           1496
   Number of public wires:        1069
   Number of public wire bits:    1406
   Number of ports:                914
   Number of port bits:            941
   Number of memories:               0
   Number of memory bits:            0
   Number of processes:              0
   Number of cells:                405
     $and                          112
     $anyinit                        3
     $assert                         6
     $assume                        15
     $eq                             4
     $ff                            23
     $le                             3
     $mux                           59
     $ne                             3
     $not                           67
     $or                            73
     $sub                            1
     $xor                           36

6. Executing SMT2 backend.

6.1. Executing BMUXMAP pass.

6.2. Executing DEMUXMAP pass.
Creating SMT-LIBv2 representation of module \$_AND_.
Creating SMT-LIBv2 representation of module \$_MUX_.
Creating SMT-LIBv2 representation of module \$_NOT_.
Creating SMT-LIBv2 representation of module \$_OR_.
Creating SMT-LIBv2 representation of module \$_SDFFE_PP0P__0.
Creating SMT-LIBv2 representation of module \$_SDFFE_PP0P__1.
Creating SMT-LIBv2 representation of module \$_SDFFE_PP0P__2.
Creating SMT-LIBv2 representation of module \$_SDFFE_PP1P__0.
Creating SMT-LIBv2 representation of module \$_SDFFE_PP1P__1.
Creating SMT-LIBv2 representation of module \$_SDFFE_PP1P__2.
Creating SMT-LIBv2 representation of module \$_SDFFE_PP1P__3.
Creating SMT-LIBv2 representation of module \$_SDFFE_PP1P__4.
Creating SMT-LIBv2 representation of module \$_SDFFE_PP1P__5.
Creating SMT-LIBv2 representation of module \$_SDFFE_PP1P__6.
Creating SMT-LIBv2 representation of module \$_XOR_.
Creating SMT-LIBv2 representation of module assertions.
Creating SMT-LIBv2 representation of module counter_0.
Creating SMT-LIBv2 representation of module tb_counter.

End of script. Logfile hash: 81a198777f, CPU: user 0.02s system 0.01s, MEM: 28.25 MB peak
Yosys 0.45 (git sha1 9ed031ddd, clang++ 14.0.0-1ubuntu1.1 -fPIC -O3)
Time spent: 76% 2x write_smt2 (0 sec), 16% 2x read_ilang (0 sec), ...
